<?xml version="1.0" encoding="UTF-8" standalone="no"?>
<testsuite errors="0" failures="0" name="io.cucumber.core.plugin.JUnitFormatter" skipped="0" tests="1" time="0.259">
    <testcase classname="feature to test functionallity" name="check login is succesful with valid credentials" time="0.073">
        <system-out><![CDATA[Given user is in login page.................................................passed
When user enter username and password.......................................passed
And click in login button...................................................passed
Then user is navigated to the home page.....................................passed
]]></system-out>
    </testcase>
</testsuite>
